 0.203755E-01 0.776399E-02 0.213980E-01 0.932750E-01
 0.384961E-01 0.132949E-01 0.124203E-01 0.182252E+00
 0.361543E-01 0.164697E-01 0.952471E-02 0.165644E+00
 0.343617E-01 0.144259E-01 0.105673E-01 0.159802E+00
 0.343765E-01 0.107180E-01 0.118706E-01 0.161446E+00
 0.307586E-01 0.840841E-02 0.118521E-01 0.144747E+00
 0.269970E-01 0.679780E-02 0.899509E-02 0.123797E+00
 0.190716E-01 0.673870E-02 0.631017E-02 0.815933E-01
 0.210777E-01 0.598193E-02 0.527178E-02 0.843711E-01
 0.196225E-01 0.544467E-02 0.499833E-02 0.808960E-01
 0.163924E-01 0.470716E-02 0.452523E-02 0.653557E-01
 0.134337E-01 0.397496E-02 0.399220E-02 0.530701E-01
 0.117029E-01 0.321232E-02 0.364866E-02 0.514765E-01
 0.118619E-01 0.276850E-02 0.348986E-02 0.538353E-01
 0.115169E-01 0.244543E-02 0.306983E-02 0.509595E-01
 0.107134E-01 0.224950E-02 0.242516E-02 0.453819E-01
 0.101839E-01 0.213526E-02 0.202546E-02 0.401999E-01
 0.985554E-02 0.187792E-02 0.203673E-02 0.398542E-01
 0.906830E-02 0.187134E-02 0.216792E-02 0.371569E-01
 0.816763E-02 0.210813E-02 0.209672E-02 0.329698E-01
 0.781515E-02 0.226476E-02 0.170218E-02 0.322018E-01
 0.714403E-02 0.228143E-02 0.141683E-02 0.300399E-01
 0.618318E-02 0.215267E-02 0.140379E-02 0.255680E-01
 0.570512E-02 0.186676E-02 0.126709E-02 0.231290E-01
 0.587641E-02 0.151578E-02 0.116501E-02 0.242028E-01
 0.613170E-02 0.132877E-02 0.107791E-02 0.253275E-01
 0.632982E-02 0.113435E-02 0.110968E-02 0.266141E-01
 0.630186E-02 0.985155E-03 0.112891E-02 0.268717E-01
 0.619918E-02 0.897480E-03 0.968792E-03 0.266293E-01
 0.629121E-02 0.819451E-03 0.810104E-03 0.273090E-01
 0.601814E-02 0.678238E-03 0.705724E-03 0.263313E-01
 0.549398E-02 0.583674E-03 0.703184E-03 0.237470E-01
 0.497131E-02 0.619541E-03 0.763133E-03 0.209604E-01
 0.460560E-02 0.737708E-03 0.761795E-03 0.187204E-01
 0.449896E-02 0.744829E-03 0.685302E-03 0.180064E-01
 0.427018E-02 0.711173E-03 0.608120E-03 0.169565E-01
 0.377376E-02 0.779149E-03 0.561950E-03 0.146697E-01
 0.319179E-02 0.892866E-03 0.601182E-03 0.122361E-01
 0.274163E-02 0.980869E-03 0.655440E-03 0.103579E-01
 0.260376E-02 0.100280E-02 0.630029E-03 0.980531E-02
 0.272045E-02 0.959461E-03 0.527613E-03 0.107033E-01
 0.275362E-02 0.916774E-03 0.396664E-03 0.112265E-01
 0.263850E-02 0.914758E-03 0.424356E-03 0.110442E-01
 0.268964E-02 0.920306E-03 0.500960E-03 0.115977E-01
 0.271832E-02 0.914297E-03 0.511282E-03 0.120257E-01
 0.261133E-02 0.872192E-03 0.437853E-03 0.117359E-01
 0.246712E-02 0.815698E-03 0.371240E-03 0.110071E-01
 0.216457E-02 0.755400E-03 0.433327E-03 0.956950E-02
 0.204357E-02 0.703068E-03 0.473727E-03 0.885399E-02
 0.218135E-02 0.677763E-03 0.429596E-03 0.937176E-02
 0.219878E-02 0.666790E-03 0.331788E-03 0.954081E-02
 0.200507E-02 0.658565E-03 0.287851E-03 0.871651E-02
 0.167530E-02 0.642157E-03 0.337626E-03 0.726169E-02
 0.142291E-02 0.611010E-03 0.365519E-03 0.602798E-02
 0.138504E-02 0.565028E-03 0.333172E-03 0.605588E-02
 0.159783E-02 0.509641E-03 0.262464E-03 0.704695E-02
 0.164224E-02 0.453219E-03 0.238113E-03 0.725470E-02
 0.151582E-02 0.406858E-03 0.289625E-03 0.636450E-02
 0.135140E-02 0.386051E-03 0.308874E-03 0.547490E-02
 0.130698E-02 0.380833E-03 0.273935E-03 0.521993E-02
 0.128276E-02 0.379873E-03 0.223071E-03 0.512182E-02
 0.115167E-02 0.393189E-03 0.219174E-03 0.470078E-02
 0.104250E-02 0.394619E-03 0.227253E-03 0.421216E-02
 0.105454E-02 0.374573E-03 0.230206E-03 0.397048E-02
 0.124731E-02 0.334606E-03 0.210315E-03 0.483748E-02
 0.134389E-02 0.278595E-03 0.167904E-03 0.540516E-02
 0.131027E-02 0.215158E-03 0.168605E-03 0.531487E-02
 0.125234E-02 0.159479E-03 0.191705E-03 0.498300E-02
 0.126197E-02 0.110189E-03 0.194517E-03 0.508696E-02
 0.130725E-02 0.730575E-04 0.169230E-03 0.536727E-02
 0.133497E-02 0.761212E-04 0.133285E-03 0.557684E-02
 0.130165E-02 0.898767E-04 0.132061E-03 0.546225E-02
 0.121300E-02 0.112463E-03 0.150378E-03 0.497749E-02
 0.116414E-02 0.132262E-03 0.158781E-03 0.461707E-02
 0.115191E-02 0.162378E-03 0.145110E-03 0.454613E-02
 0.110405E-02 0.198027E-03 0.118585E-03 0.431901E-02
 0.978751E-03 0.228935E-03 0.118283E-03 0.376027E-02
 0.800089E-03 0.250021E-03 0.129905E-03 0.298225E-02
 0.664779E-03 0.265163E-03 0.128620E-03 0.241803E-02
 0.617561E-03 0.271434E-03 0.104497E-03 0.228283E-02
 0.589772E-03 0.268596E-03 0.795145E-04 0.220470E-02
 0.533505E-03 0.263427E-03 0.847586E-04 0.203168E-02
 0.543208E-03 0.261694E-03 0.966420E-04 0.214255E-02
 0.563523E-03 0.271717E-03 0.104376E-03 0.239471E-02
 0.571252E-03 0.276502E-03 0.918282E-04 0.257421E-02
 0.556569E-03 0.273456E-03 0.764087E-04 0.262779E-02
 0.512210E-03 0.265316E-03 0.826007E-04 0.251952E-02
 0.475355E-03 0.256035E-03 0.916677E-04 0.238155E-02
 0.493074E-03 0.246760E-03 0.856010E-04 0.235976E-02
 0.498179E-03 0.237884E-03 0.648272E-04 0.240157E-02
 0.468402E-03 0.228746E-03 0.545911E-04 0.228184E-02
 0.397039E-03 0.217975E-03 0.596501E-04 0.200273E-02
 0.330689E-03 0.204424E-03 0.645555E-04 0.169812E-02
 0.310053E-03 0.187673E-03 0.632512E-04 0.155468E-02
 0.330374E-03 0.168354E-03 0.499662E-04 0.156762E-02
 0.331561E-03 0.147983E-03 0.424060E-04 0.153570E-02
 0.305618E-03 0.128387E-03 0.507399E-04 0.130793E-02
 0.278040E-03 0.112255E-03 0.564569E-04 0.108821E-02
 0.269585E-03 0.100646E-03 0.517508E-04 0.104072E-02
 0.275107E-03 0.934008E-04 0.408105E-04 0.105710E-02
 0.268285E-03 0.913190E-04 0.393001E-04 0.100703E-02
 0.259548E-03 0.894196E-04 0.411564E-04 0.916191E-03
 0.273543E-03 0.853571E-04 0.414005E-04 0.955334E-03
 0.305421E-03 0.783655E-04 0.382127E-04 0.113375E-02
 0.324925E-03 0.687300E-04 0.281243E-04 0.125259E-02
 0.324532E-03 0.574740E-04 0.277094E-04 0.126574E-02
 0.323139E-03 0.456778E-04 0.342245E-04 0.123675E-02
 0.337529E-03 0.345733E-04 0.359171E-04 0.131678E-02
 0.351582E-03 0.265356E-04 0.296570E-04 0.139592E-02
 0.356922E-03 0.267722E-04 0.214362E-04 0.143585E-02
 0.346606E-03 0.292986E-04 0.213526E-04 0.139483E-02
 0.329358E-03 0.347585E-04 0.248725E-04 0.129781E-02
 0.324498E-03 0.411789E-04 0.273278E-04 0.125459E-02
 0.321186E-03 0.481312E-04 0.247975E-04 0.123890E-02
 0.306724E-03 0.556054E-04 0.202727E-04 0.117534E-02
 0.273553E-03 0.618204E-04 0.210400E-04 0.102583E-02
 0.230093E-03 0.661970E-04 0.230905E-04 0.822647E-03
 0.194559E-03 0.701520E-04 0.225193E-04 0.667728E-03
 0.173829E-03 0.727066E-04 0.169166E-04 0.590868E-03
 0.158672E-03 0.740660E-04 0.115236E-04 0.531229E-03
 0.137577E-03 0.750900E-04 0.132124E-04 0.461360E-03
 0.128072E-03 0.768757E-04 0.157262E-04 0.481132E-03
 0.131159E-03 0.809528E-04 0.171936E-04 0.551079E-03
 0.136658E-03 0.834567E-04 0.147223E-04 0.621059E-03
 0.137848E-03 0.841354E-04 0.125674E-04 0.666296E-03
 0.134161E-03 0.833897E-04 0.142282E-04 0.694464E-03
 0.133914E-03 0.820228E-04 0.161669E-04 0.709562E-03
 0.133457E-03 0.800850E-04 0.150237E-04 0.709926E-03
 0.130975E-03 0.777480E-04 0.106801E-04 0.698366E-03
 0.121971E-03 0.749423E-04 0.863536E-05 0.667600E-03
 0.108745E-03 0.714848E-04 0.945708E-05 0.621618E-03
 0.973247E-04 0.672527E-04 0.998456E-05 0.559759E-03
 0.872714E-04 0.621172E-04 0.969114E-05 0.488319E-03
 0.779274E-04 0.562460E-04 0.731501E-05 0.422209E-03
 0.693649E-04 0.499782E-04 0.641654E-05 0.360296E-03
 0.619700E-04 0.436780E-04 0.837090E-05 0.286314E-03
 0.580248E-04 0.377748E-04 0.948769E-05 0.220449E-03
 0.584466E-04 0.333732E-04 0.843417E-05 0.207239E-03
 0.619643E-04 0.306413E-04 0.652725E-05 0.210891E-03
 0.659866E-04 0.284126E-04 0.622680E-05 0.211611E-03
 0.710976E-04 0.262087E-04 0.653372E-05 0.227524E-03
 0.773222E-04 0.238363E-04 0.634279E-05 0.263993E-03
