 0.387686E-02 0.284242E-02 0.240449E-02 0.130642E-01
 0.397555E-02 0.323980E-02 0.215798E-02 0.133076E-01
 0.381677E-02 0.312902E-02 0.203000E-02 0.131327E-01
 0.378614E-02 0.310014E-02 0.196280E-02 0.134168E-01
 0.383780E-02 0.320244E-02 0.179314E-02 0.138805E-01
 0.388310E-02 0.325796E-02 0.167451E-02 0.141550E-01
 0.392690E-02 0.325948E-02 0.160537E-02 0.142475E-01
 0.401855E-02 0.329714E-02 0.154407E-02 0.145731E-01
 0.410261E-02 0.338292E-02 0.143415E-02 0.149608E-01
 0.414571E-02 0.343766E-02 0.133624E-02 0.151205E-01
 0.414837E-02 0.350888E-02 0.128790E-02 0.152280E-01
 0.413629E-02 0.355032E-02 0.123093E-02 0.152290E-01
 0.417470E-02 0.360394E-02 0.115926E-02 0.152656E-01
 0.419700E-02 0.362791E-02 0.111510E-02 0.153297E-01
 0.423212E-02 0.365256E-02 0.110775E-02 0.154732E-01
 0.422548E-02 0.362558E-02 0.112324E-02 0.154837E-01
 0.417753E-02 0.361178E-02 0.114992E-02 0.154359E-01
 0.405391E-02 0.357747E-02 0.117339E-02 0.152065E-01
 0.391715E-02 0.354228E-02 0.119245E-02 0.150017E-01
 0.378791E-02 0.349398E-02 0.123602E-02 0.148012E-01
 0.371582E-02 0.343781E-02 0.130321E-02 0.146691E-01
 0.375738E-02 0.339520E-02 0.137506E-02 0.146726E-01
 0.385564E-02 0.336036E-02 0.143484E-02 0.147649E-01
 0.398172E-02 0.333584E-02 0.149077E-02 0.149820E-01
 0.411344E-02 0.333220E-02 0.152060E-02 0.152508E-01
 0.423362E-02 0.333922E-02 0.152464E-02 0.155116E-01
 0.430387E-02 0.334472E-02 0.152668E-02 0.156663E-01
 0.432742E-02 0.334924E-02 0.151228E-02 0.157378E-01
 0.432322E-02 0.336126E-02 0.148779E-02 0.157302E-01
 0.429076E-02 0.338509E-02 0.148097E-02 0.156843E-01
 0.423303E-02 0.341604E-02 0.148224E-02 0.156380E-01
 0.419398E-02 0.344048E-02 0.147241E-02 0.156705E-01
 0.418138E-02 0.345058E-02 0.145158E-02 0.157385E-01
 0.419345E-02 0.345313E-02 0.142096E-02 0.158273E-01
 0.420246E-02 0.343039E-02 0.139204E-02 0.158376E-01
 0.419743E-02 0.338737E-02 0.136362E-02 0.157477E-01
 0.416923E-02 0.332966E-02 0.133289E-02 0.155755E-01
 0.411863E-02 0.325264E-02 0.130500E-02 0.153028E-01
 0.405987E-02 0.316632E-02 0.127669E-02 0.149510E-01
 0.402736E-02 0.310475E-02 0.124527E-02 0.146859E-01
 0.399087E-02 0.306040E-02 0.121295E-02 0.144513E-01
 0.391695E-02 0.299721E-02 0.118840E-02 0.141384E-01
 0.381238E-02 0.290887E-02 0.117217E-02 0.137172E-01
 0.369329E-02 0.280201E-02 0.115319E-02 0.132538E-01
 0.358098E-02 0.270512E-02 0.112317E-02 0.128188E-01
 0.347544E-02 0.262239E-02 0.108513E-02 0.124518E-01
 0.339016E-02 0.254334E-02 0.104499E-02 0.121059E-01
 0.334982E-02 0.249118E-02 0.100895E-02 0.118776E-01
 0.332963E-02 0.247083E-02 0.978908E-03 0.117913E-01
 0.328312E-02 0.243863E-02 0.954422E-03 0.116357E-01
 0.321344E-02 0.239411E-02 0.938507E-03 0.113906E-01
 0.314367E-02 0.235219E-02 0.920466E-03 0.111645E-01
 0.308357E-02 0.229739E-02 0.895651E-03 0.109413E-01
 0.306160E-02 0.226279E-02 0.863905E-03 0.108122E-01
 0.305980E-02 0.224650E-02 0.832908E-03 0.107676E-01
 0.303775E-02 0.220266E-02 0.825993E-03 0.106018E-01
 0.298055E-02 0.213223E-02 0.826386E-03 0.103202E-01
 0.284934E-02 0.200215E-02 0.828455E-03 0.976544E-02
 0.264768E-02 0.180591E-02 0.830165E-03 0.891214E-02
 0.239169E-02 0.155429E-02 0.830070E-03 0.785092E-02
 0.216012E-02 0.131713E-02 0.825162E-03 0.686501E-02
 0.212168E-02 0.118685E-02 0.817692E-03 0.645027E-02
 0.212287E-02 0.117868E-02 0.809381E-03 0.641221E-02
 0.202853E-02 0.107680E-02 0.798236E-03 0.601018E-02
 0.190766E-02 0.940384E-03 0.784978E-03 0.549367E-02
 0.186074E-02 0.854456E-03 0.769232E-03 0.523567E-02
 0.184392E-02 0.820441E-03 0.753346E-03 0.508482E-02
 0.178358E-02 0.776630E-03 0.735958E-03 0.483436E-02
 0.170962E-02 0.720670E-03 0.717909E-03 0.452057E-02
 0.165372E-02 0.689211E-03 0.699937E-03 0.428171E-02
 0.159190E-02 0.664675E-03 0.684200E-03 0.405700E-02
 0.152881E-02 0.638535E-03 0.669510E-03 0.385465E-02
 0.149996E-02 0.630973E-03 0.654656E-03 0.378671E-02
 0.146774E-02 0.621588E-03 0.637717E-03 0.373784E-02
 0.143169E-02 0.606342E-03 0.619123E-03 0.370186E-02
 0.142832E-02 0.606124E-03 0.600323E-03 0.374062E-02
 0.142898E-02 0.619621E-03 0.583055E-03 0.380685E-02
 0.142840E-02 0.626294E-03 0.566697E-03 0.385145E-02
 0.143141E-02 0.632335E-03 0.549944E-03 0.389258E-02
 0.142729E-02 0.625669E-03 0.531352E-03 0.386768E-02
 0.141651E-02 0.612028E-03 0.511769E-03 0.380821E-02
 0.140591E-02 0.600900E-03 0.491430E-03 0.374785E-02
 0.138992E-02 0.589254E-03 0.470349E-03 0.367119E-02
 0.136645E-02 0.575650E-03 0.448721E-03 0.357502E-02
 0.133752E-02 0.560578E-03 0.427049E-03 0.346071E-02
 0.130620E-02 0.546473E-03 0.405480E-03 0.333680E-02
 0.127619E-02 0.534939E-03 0.383874E-03 0.321429E-02
 0.124858E-02 0.527670E-03 0.362277E-03 0.310269E-02
 0.122364E-02 0.525286E-03 0.340679E-03 0.301229E-02
 0.120259E-02 0.527909E-03 0.319403E-03 0.296168E-02
 0.118684E-02 0.535481E-03 0.299953E-03 0.294594E-02
 0.117304E-02 0.543405E-03 0.285819E-03 0.293719E-02
 0.115632E-02 0.549746E-03 0.277435E-03 0.292165E-02
 0.113610E-02 0.554731E-03 0.272954E-03 0.289133E-02
 0.111391E-02 0.558796E-03 0.270748E-03 0.284326E-02
 0.109047E-02 0.560570E-03 0.268602E-03 0.277892E-02
 0.106684E-02 0.560084E-03 0.265713E-03 0.270150E-02
 0.104440E-02 0.557603E-03 0.261971E-03 0.261721E-02
 0.102379E-02 0.553765E-03 0.257585E-03 0.254063E-02
 0.100639E-02 0.550107E-03 0.252650E-03 0.248418E-02
 0.992355E-03 0.549103E-03 0.247078E-03 0.244500E-02
 0.981261E-03 0.549509E-03 0.240850E-03 0.242047E-02
 0.971416E-03 0.550604E-03 0.234116E-03 0.240694E-02
 0.962818E-03 0.551999E-03 0.226954E-03 0.240654E-02
 0.955528E-03 0.553721E-03 0.219554E-03 0.241910E-02
 0.949662E-03 0.555671E-03 0.212348E-03 0.243968E-02
 0.945638E-03 0.557981E-03 0.205963E-03 0.247026E-02
 0.944311E-03 0.560750E-03 0.201989E-03 0.251079E-02
 0.946198E-03 0.563644E-03 0.200285E-03 0.255950E-02
 0.950413E-03 0.566382E-03 0.200437E-03 0.260925E-02
 0.955662E-03 0.569204E-03 0.202100E-03 0.265710E-02
 0.961693E-03 0.572500E-03 0.204743E-03 0.270387E-02
 0.967779E-03 0.576234E-03 0.207747E-03 0.274972E-02
 0.974161E-03 0.580349E-03 0.210412E-03 0.279516E-02
 0.980288E-03 0.584605E-03 0.212335E-03 0.284080E-02
 0.985962E-03 0.588815E-03 0.213411E-03 0.288433E-02
 0.991669E-03 0.592524E-03 0.213756E-03 0.292661E-02
 0.996921E-03 0.595493E-03 0.213623E-03 0.296468E-02
 0.100244E-02 0.597663E-03 0.213123E-03 0.300056E-02
 0.100780E-02 0.598993E-03 0.212374E-03 0.303042E-02
 0.101268E-02 0.599539E-03 0.211583E-03 0.305730E-02
 0.101772E-02 0.599211E-03 0.210850E-03 0.308186E-02
 0.102195E-02 0.597976E-03 0.210355E-03 0.310247E-02
 0.102415E-02 0.595858E-03 0.210190E-03 0.312060E-02
 0.102402E-02 0.592847E-03 0.210567E-03 0.313575E-02
 0.102121E-02 0.588959E-03 0.211545E-03 0.314397E-02
 0.101597E-02 0.584293E-03 0.213126E-03 0.314431E-02
 0.100847E-02 0.578982E-03 0.215277E-03 0.313783E-02
 0.998572E-03 0.573055E-03 0.217856E-03 0.312488E-02
 0.986609E-03 0.566592E-03 0.220699E-03 0.310574E-02
 0.972704E-03 0.559722E-03 0.223613E-03 0.308162E-02
 0.957591E-03 0.552496E-03 0.226438E-03 0.305357E-02
 0.941283E-03 0.545007E-03 0.229002E-03 0.302290E-02
 0.924188E-03 0.537346E-03 0.231119E-03 0.299116E-02
 0.906782E-03 0.529599E-03 0.232615E-03 0.295870E-02
 0.889507E-03 0.521754E-03 0.233468E-03 0.292615E-02
 0.872729E-03 0.513934E-03 0.233378E-03 0.289380E-02
 0.856638E-03 0.506047E-03 0.232047E-03 0.286182E-02
 0.841318E-03 0.498168E-03 0.229257E-03 0.283029E-02
 0.826953E-03 0.490583E-03 0.224924E-03 0.279934E-02
 0.813871E-03 0.483925E-03 0.219040E-03 0.276837E-02
 0.802213E-03 0.477961E-03 0.211661E-03 0.273747E-02
 0.792019E-03 0.472615E-03 0.202828E-03 0.270704E-02
 0.783161E-03 0.467761E-03 0.192687E-03 0.267756E-02
 0.775655E-03 0.463173E-03 0.181374E-03 0.265002E-02
 0.769411E-03 0.458956E-03 0.169093E-03 0.262593E-02
 0.764153E-03 0.455210E-03 0.156537E-03 0.260560E-02
 0.759134E-03 0.451316E-03 0.144100E-03 0.258718E-02
 0.753831E-03 0.446604E-03 0.132867E-03 0.256772E-02
 0.747769E-03 0.440916E-03 0.124064E-03 0.254545E-02
 0.740639E-03 0.434079E-03 0.118012E-03 0.251938E-02
 0.732110E-03 0.426031E-03 0.114918E-03 0.248829E-02
 0.722187E-03 0.416784E-03 0.115088E-03 0.245170E-02
 0.710758E-03 0.406411E-03 0.117737E-03 0.240933E-02
 0.697791E-03 0.394983E-03 0.122092E-03 0.236150E-02
 0.683533E-03 0.382637E-03 0.127602E-03 0.230845E-02
 0.668272E-03 0.369550E-03 0.133770E-03 0.225095E-02
 0.652291E-03 0.356046E-03 0.140070E-03 0.218978E-02
 0.636441E-03 0.342584E-03 0.146132E-03 0.212584E-02
 0.622193E-03 0.329373E-03 0.151633E-03 0.205967E-02
 0.608994E-03 0.316586E-03 0.156395E-03 0.199291E-02
 0.596571E-03 0.304183E-03 0.160198E-03 0.192542E-02
 0.584467E-03 0.292038E-03 0.162881E-03 0.186064E-02
 0.572719E-03 0.280250E-03 0.164362E-03 0.180151E-02
 0.561347E-03 0.269066E-03 0.164582E-03 0.174576E-02
 0.550207E-03 0.259601E-03 0.163525E-03 0.169272E-02
 0.539203E-03 0.252173E-03 0.161230E-03 0.164192E-02
 0.528776E-03 0.245999E-03 0.157713E-03 0.159904E-02
 0.521240E-03 0.240623E-03 0.153074E-03 0.156897E-02
 0.516132E-03 0.235642E-03 0.147411E-03 0.154785E-02
 0.512547E-03 0.230743E-03 0.140962E-03 0.153183E-02
 0.509771E-03 0.225761E-03 0.134078E-03 0.151855E-02
 0.507242E-03 0.220676E-03 0.127092E-03 0.150589E-02
 0.504529E-03 0.215648E-03 0.120228E-03 0.149290E-02
 0.501314E-03 0.210498E-03 0.113746E-03 0.147824E-02
 0.497370E-03 0.205246E-03 0.108049E-03 0.146059E-02
 0.492321E-03 0.199779E-03 0.103982E-03 0.143936E-02
 0.485994E-03 0.193884E-03 0.101897E-03 0.141377E-02
 0.478382E-03 0.187518E-03 0.101427E-03 0.138343E-02
 0.469378E-03 0.180712E-03 0.102259E-03 0.134840E-02
 0.459150E-03 0.173507E-03 0.104174E-03 0.130927E-02
 0.447730E-03 0.165985E-03 0.107016E-03 0.126606E-02
 0.435274E-03 0.158279E-03 0.110256E-03 0.121940E-02
 0.422101E-03 0.150641E-03 0.113726E-03 0.116994E-02
 0.408387E-03 0.143236E-03 0.117325E-03 0.111822E-02
 0.394356E-03 0.136306E-03 0.120944E-03 0.106546E-02
 0.380234E-03 0.130141E-03 0.124399E-03 0.101287E-02
 0.366405E-03 0.125136E-03 0.127413E-03 0.961839E-03
 0.353221E-03 0.121719E-03 0.129818E-03 0.914096E-03
 0.341343E-03 0.120546E-03 0.131470E-03 0.872627E-03
 0.331846E-03 0.122336E-03 0.132255E-03 0.840835E-03
 0.325148E-03 0.126159E-03 0.132110E-03 0.819691E-03
 0.321362E-03 0.130784E-03 0.131014E-03 0.808730E-03
 0.320391E-03 0.135765E-03 0.129003E-03 0.806232E-03
 0.321218E-03 0.140880E-03 0.126201E-03 0.808427E-03
 0.323489E-03 0.145935E-03 0.122725E-03 0.814085E-03
 0.326806E-03 0.150843E-03 0.118623E-03 0.825085E-03
 0.330824E-03 0.155464E-03 0.114039E-03 0.841258E-03
 0.335286E-03 0.159735E-03 0.109108E-03 0.860701E-03
 0.340020E-03 0.163631E-03 0.103978E-03 0.881186E-03
 0.344742E-03 0.166936E-03 0.988025E-04 0.901146E-03
 0.349054E-03 0.169526E-03 0.937271E-04 0.919709E-03
 0.352587E-03 0.171301E-03 0.888569E-04 0.935162E-03
 0.355054E-03 0.172190E-03 0.843190E-04 0.946471E-03
 0.356244E-03 0.172156E-03 0.802032E-04 0.953018E-03
 0.355981E-03 0.171167E-03 0.765957E-04 0.954346E-03
 0.354157E-03 0.169212E-03 0.736152E-04 0.950139E-03
 0.350637E-03 0.166314E-03 0.714720E-04 0.940345E-03
 0.345455E-03 0.162512E-03 0.703926E-04 0.924794E-03
 0.338620E-03 0.157850E-03 0.707722E-04 0.903292E-03
 0.330253E-03 0.152404E-03 0.728560E-04 0.876126E-03
 0.320418E-03 0.146235E-03 0.770834E-04 0.843773E-03
 0.309290E-03 0.139455E-03 0.817879E-04 0.806626E-03
 0.297060E-03 0.132166E-03 0.864403E-04 0.765451E-03
 0.284152E-03 0.124511E-03 0.909886E-04 0.720536E-03
 0.271280E-03 0.116721E-03 0.951834E-04 0.672607E-03
 0.258692E-03 0.109129E-03 0.989211E-04 0.622448E-03
 0.246548E-03 0.101712E-03 0.102133E-03 0.575423E-03
 0.235109E-03 0.946482E-04 0.104736E-03 0.533750E-03
 0.224863E-03 0.881925E-04 0.106710E-03 0.500839E-03
 0.216428E-03 0.827196E-04 0.108030E-03 0.478620E-03
 0.210763E-03 0.784953E-04 0.108672E-03 0.466081E-03
 0.207994E-03 0.757214E-04 0.108640E-03 0.462227E-03
 0.207685E-03 0.743238E-04 0.107945E-03 0.466075E-03
 0.209556E-03 0.738478E-04 0.106609E-03 0.476422E-03
 0.213286E-03 0.737972E-04 0.104653E-03 0.492217E-03
 0.218309E-03 0.741441E-04 0.102108E-03 0.512442E-03
 0.223916E-03 0.748803E-04 0.990134E-04 0.536508E-03
 0.230017E-03 0.759246E-04 0.954118E-04 0.563858E-03
 0.236502E-03 0.771786E-04 0.913538E-04 0.590645E-03
 0.243623E-03 0.785082E-04 0.868968E-04 0.615502E-03
 0.250434E-03 0.797257E-04 0.820910E-04 0.637853E-03
 0.256595E-03 0.807665E-04 0.769842E-04 0.657353E-03
 0.262006E-03 0.815193E-04 0.716336E-04 0.673738E-03
 0.266528E-03 0.819285E-04 0.661245E-04 0.686922E-03
 0.270128E-03 0.819862E-04 0.605283E-04 0.696786E-03
 0.272750E-03 0.816691E-04 0.557883E-04 0.703295E-03
 0.274422E-03 0.809621E-04 0.529810E-04 0.706523E-03
 0.275134E-03 0.798736E-04 0.511081E-04 0.706564E-03
 0.274896E-03 0.784316E-04 0.498665E-04 0.703504E-03
 0.273730E-03 0.766510E-04 0.491459E-04 0.697525E-03
 0.271694E-03 0.745715E-04 0.488303E-04 0.688813E-03
 0.268817E-03 0.722285E-04 0.488579E-04 0.677544E-03
 0.265180E-03 0.696781E-04 0.491663E-04 0.663838E-03
 0.260822E-03 0.669700E-04 0.497222E-04 0.647913E-03
 0.255823E-03 0.641754E-04 0.504418E-04 0.629976E-03
 0.250271E-03 0.613781E-04 0.512763E-04 0.610349E-03
 0.244313E-03 0.586827E-04 0.521823E-04 0.589245E-03
 0.238025E-03 0.562671E-04 0.531142E-04 0.567106E-03
 0.231559E-03 0.542478E-04 0.540152E-04 0.544598E-03
 0.225108E-03 0.526843E-04 0.548246E-04 0.522099E-03
 0.218868E-03 0.517269E-04 0.555168E-04 0.500120E-03
 0.213347E-03 0.514645E-04 0.560394E-04 0.479494E-03
 0.208855E-03 0.516794E-04 0.563717E-04 0.461506E-03
 0.205255E-03 0.523624E-04 0.564930E-04 0.447280E-03
 0.202396E-03 0.536335E-04 0.563790E-04 0.437585E-03
 0.200203E-03 0.553746E-04 0.560221E-04 0.431365E-03
 0.198596E-03 0.573444E-04 0.554171E-04 0.428032E-03
 0.197502E-03 0.593592E-04 0.545726E-04 0.426972E-03
 0.196838E-03 0.613153E-04 0.534966E-04 0.427590E-03
 0.196502E-03 0.631482E-04 0.521994E-04 0.429526E-03
 0.196406E-03 0.648013E-04 0.506987E-04 0.432411E-03
 0.196541E-03 0.662435E-04 0.490105E-04 0.435920E-03
 0.196915E-03 0.674826E-04 0.471563E-04 0.439803E-03
 0.197638E-03 0.685187E-04 0.451568E-04 0.444385E-03
 0.198562E-03 0.694494E-04 0.430340E-04 0.449415E-03
 0.199593E-03 0.702898E-04 0.408041E-04 0.454405E-03
 0.200643E-03 0.709862E-04 0.384900E-04 0.459038E-03
 0.201656E-03 0.714724E-04 0.361227E-04 0.463179E-03
 0.202566E-03 0.717248E-04 0.337375E-04 0.466629E-03
 0.203341E-03 0.717378E-04 0.313420E-04 0.469298E-03
 0.203922E-03 0.715072E-04 0.289972E-04 0.471097E-03
 0.204298E-03 0.710284E-04 0.272908E-04 0.472032E-03
 0.204444E-03 0.703193E-04 0.263193E-04 0.472048E-03
 0.204355E-03 0.693938E-04 0.257451E-04 0.471195E-03
 0.204023E-03 0.682671E-04 0.255023E-04 0.469511E-03
 0.203462E-03 0.669596E-04 0.255324E-04 0.467003E-03
 0.202673E-03 0.654879E-04 0.258280E-04 0.463752E-03
 0.201668E-03 0.638739E-04 0.263342E-04 0.459818E-03
 0.200463E-03 0.621409E-04 0.270048E-04 0.455275E-03
 0.199083E-03 0.603092E-04 0.278074E-04 0.450185E-03
 0.197556E-03 0.584060E-04 0.286713E-04 0.444676E-03
 0.195885E-03 0.564434E-04 0.295478E-04 0.438795E-03
 0.194112E-03 0.544444E-04 0.303812E-04 0.432641E-03
 0.192246E-03 0.524427E-04 0.311215E-04 0.426293E-03
 0.190355E-03 0.504652E-04 0.317569E-04 0.419842E-03
 0.188542E-03 0.485506E-04 0.322857E-04 0.413573E-03
 0.186805E-03 0.467717E-04 0.327051E-04 0.407729E-03
 0.185157E-03 0.451261E-04 0.330102E-04 0.402296E-03
 0.183616E-03 0.436160E-04 0.332022E-04 0.397317E-03
 0.182196E-03 0.422444E-04 0.332903E-04 0.392886E-03
 0.180914E-03 0.410269E-04 0.332767E-04 0.389044E-03
 0.179814E-03 0.399773E-04 0.331667E-04 0.385856E-03
 0.178940E-03 0.390908E-04 0.329604E-04 0.383374E-03
 0.178365E-03 0.383496E-04 0.326693E-04 0.381608E-03
 0.178099E-03 0.377355E-04 0.322969E-04 0.380776E-03
 0.178109E-03 0.372033E-04 0.318506E-04 0.381280E-03
 0.178318E-03 0.367435E-04 0.313348E-04 0.382662E-03
 0.178668E-03 0.363557E-04 0.307564E-04 0.384536E-03
 0.179088E-03 0.360307E-04 0.301229E-04 0.386625E-03
 0.179531E-03 0.357621E-04 0.294481E-04 0.388716E-03
 0.179962E-03 0.355459E-04 0.287403E-04 0.390691E-03
 0.180353E-03 0.353772E-04 0.280171E-04 0.392445E-03
 0.180680E-03 0.352501E-04 0.272928E-04 0.393939E-03
 0.180952E-03 0.351587E-04 0.265799E-04 0.395151E-03
 0.181146E-03 0.351031E-04 0.258900E-04 0.396068E-03
 0.181254E-03 0.350818E-04 0.252401E-04 0.396716E-03
 0.181285E-03 0.350932E-04 0.246395E-04 0.397058E-03
 0.181244E-03 0.351347E-04 0.240958E-04 0.397097E-03
 0.181129E-03 0.352155E-04 0.236220E-04 0.396839E-03
 0.180947E-03 0.353283E-04 0.232246E-04 0.396310E-03
 0.180699E-03 0.354781E-04 0.228943E-04 0.395535E-03
 0.180412E-03 0.356590E-04 0.226240E-04 0.394570E-03
 0.180096E-03 0.358790E-04 0.224061E-04 0.393435E-03
 0.179757E-03 0.361276E-04 0.222410E-04 0.392226E-03
 0.179410E-03 0.364048E-04 0.221211E-04 0.391016E-03
 0.179048E-03 0.367010E-04 0.220400E-04 0.389777E-03
 0.178688E-03 0.370095E-04 0.219925E-04 0.388612E-03
 0.178310E-03 0.373168E-04 0.219767E-04 0.387538E-03
 0.177916E-03 0.376256E-04 0.219893E-04 0.386578E-03
 0.177525E-03 0.380255E-04 0.220275E-04 0.385724E-03
 0.177138E-03 0.384840E-04 0.220928E-04 0.385134E-03
 0.176838E-03 0.389209E-04 0.221759E-04 0.384923E-03
 0.176635E-03 0.393315E-04 0.222696E-04 0.385003E-03
 0.176505E-03 0.397027E-04 0.223680E-04 0.385272E-03
 0.176434E-03 0.400340E-04 0.224650E-04 0.385732E-03
 0.176410E-03 0.403158E-04 0.225600E-04 0.386270E-03
 0.176420E-03 0.405394E-04 0.226508E-04 0.386832E-03
 0.176462E-03 0.407045E-04 0.227392E-04 0.387391E-03
 0.176525E-03 0.408103E-04 0.228261E-04 0.387937E-03
 0.176597E-03 0.408538E-04 0.229093E-04 0.388453E-03
 0.176675E-03 0.408346E-04 0.229805E-04 0.388907E-03
 0.176757E-03 0.407579E-04 0.230380E-04 0.389309E-03
 0.176838E-03 0.406190E-04 0.230821E-04 0.389648E-03
 0.176914E-03 0.404231E-04 0.231096E-04 0.389928E-03
 0.176980E-03 0.401707E-04 0.231229E-04 0.390131E-03
 0.177048E-03 0.398668E-04 0.231288E-04 0.390270E-03
 0.177124E-03 0.395138E-04 0.231303E-04 0.390333E-03
 0.177191E-03 0.391161E-04 0.231287E-04 0.390332E-03
 0.177265E-03 0.386762E-04 0.231236E-04 0.390268E-03
 0.177339E-03 0.382018E-04 0.231157E-04 0.390135E-03
 0.177412E-03 0.376935E-04 0.231055E-04 0.389959E-03
 0.177488E-03 0.371568E-04 0.230945E-04 0.389712E-03
 0.177569E-03 0.365974E-04 0.230825E-04 0.389437E-03
 0.177648E-03 0.360217E-04 0.230664E-04 0.389107E-03
 0.177728E-03 0.354337E-04 0.230459E-04 0.388786E-03
 0.177806E-03 0.348404E-04 0.230210E-04 0.388525E-03
 0.177892E-03 0.342450E-04 0.229868E-04 0.388294E-03
 0.177982E-03 0.336557E-04 0.229420E-04 0.388114E-03
 0.178078E-03 0.330727E-04 0.228838E-04 0.387998E-03
 0.178179E-03 0.325036E-04 0.228102E-04 0.387903E-03
 0.178283E-03 0.319509E-04 0.227217E-04 0.387846E-03
 0.178395E-03 0.314278E-04 0.226133E-04 0.387847E-03
 0.178520E-03 0.309343E-04 0.224881E-04 0.387888E-03
 0.178645E-03 0.304740E-04 0.223464E-04 0.387994E-03
 0.178779E-03 0.300408E-04 0.221871E-04 0.388147E-03
 0.178925E-03 0.296385E-04 0.220100E-04 0.388331E-03
 0.179082E-03 0.292601E-04 0.218324E-04 0.388562E-03
 0.179264E-03 0.289090E-04 0.216637E-04 0.388776E-03
 0.179470E-03 0.285829E-04 0.215079E-04 0.389040E-03
 0.179685E-03 0.282855E-04 0.213649E-04 0.389397E-03
 0.179905E-03 0.280226E-04 0.212373E-04 0.389797E-03
 0.180123E-03 0.277943E-04 0.211204E-04 0.390203E-03
 0.180336E-03 0.275950E-04 0.210129E-04 0.390618E-03
 0.180533E-03 0.274212E-04 0.209100E-04 0.391026E-03
 0.180717E-03 0.272719E-04 0.208114E-04 0.391376E-03
 0.180883E-03 0.271435E-04 0.207151E-04 0.391696E-03
 0.181030E-03 0.270348E-04 0.206223E-04 0.391968E-03
 0.181159E-03 0.269428E-04 0.205306E-04 0.392193E-03
 0.181262E-03 0.268664E-04 0.204432E-04 0.392360E-03
 0.181357E-03 0.268063E-04 0.203616E-04 0.392483E-03
 0.181421E-03 0.267573E-04 0.202862E-04 0.392547E-03
 0.181469E-03 0.267161E-04 0.202197E-04 0.392548E-03
 0.181496E-03 0.266821E-04 0.201602E-04 0.392498E-03
 0.181513E-03 0.266469E-04 0.201133E-04 0.392419E-03
 0.181517E-03 0.266205E-04 0.200756E-04 0.392309E-03
 0.181502E-03 0.265970E-04 0.200432E-04 0.392163E-03
 0.181473E-03 0.265749E-04 0.200107E-04 0.391966E-03
 0.181431E-03 0.265516E-04 0.199759E-04 0.391749E-03
 0.181378E-03 0.265290E-04 0.199376E-04 0.391496E-03
 0.181321E-03 0.265056E-04 0.198943E-04 0.391214E-03
 0.181254E-03 0.264887E-04 0.198472E-04 0.390919E-03
 0.181190E-03 0.264762E-04 0.197931E-04 0.390655E-03
 0.181133E-03 0.264662E-04 0.197313E-04 0.390423E-03
 0.181089E-03 0.264582E-04 0.196603E-04 0.390233E-03
 0.181051E-03 0.264447E-04 0.195822E-04 0.390055E-03
 0.181023E-03 0.264227E-04 0.194952E-04 0.389896E-03
 0.180996E-03 0.263916E-04 0.194009E-04 0.389744E-03
 0.180981E-03 0.263473E-04 0.193008E-04 0.389633E-03
 0.180974E-03 0.262944E-04 0.191947E-04 0.389515E-03
 0.180975E-03 0.262339E-04 0.190828E-04 0.389425E-03
 0.180988E-03 0.261666E-04 0.189665E-04 0.389368E-03
 0.181001E-03 0.260976E-04 0.188473E-04 0.389318E-03
 0.181020E-03 0.260219E-04 0.187297E-04 0.389278E-03
 0.181038E-03 0.259390E-04 0.186110E-04 0.389220E-03
 0.181066E-03 0.258505E-04 0.184962E-04 0.389153E-03
 0.181092E-03 0.257563E-04 0.183866E-04 0.389057E-03
 0.181112E-03 0.256575E-04 0.182811E-04 0.388986E-03
 0.181131E-03 0.255506E-04 0.181838E-04 0.388892E-03
 0.181143E-03 0.254366E-04 0.180961E-04 0.388797E-03
 0.181147E-03 0.253142E-04 0.180182E-04 0.388669E-03
 0.181151E-03 0.251907E-04 0.179479E-04 0.388525E-03
 0.181150E-03 0.250604E-04 0.178830E-04 0.388363E-03
 0.181148E-03 0.249283E-04 0.178269E-04 0.388189E-03
 0.181142E-03 0.247942E-04 0.177757E-04 0.388016E-03
 0.181130E-03 0.246592E-04 0.177320E-04 0.387842E-03
 0.181112E-03 0.245241E-04 0.176942E-04 0.387628E-03
 0.181094E-03 0.243889E-04 0.176608E-04 0.387407E-03
 0.181068E-03 0.242560E-04 0.176325E-04 0.387200E-03
 0.181044E-03 0.241335E-04 0.176103E-04 0.386990E-03
 0.181022E-03 0.240218E-04 0.175919E-04 0.386781E-03
 0.181006E-03 0.239214E-04 0.175746E-04 0.386593E-03
 0.180992E-03 0.238294E-04 0.175537E-04 0.386398E-03
 0.180983E-03 0.237549E-04 0.175311E-04 0.386222E-03
 0.180980E-03 0.236993E-04 0.175049E-04 0.386075E-03
 0.180993E-03 0.236614E-04 0.174747E-04 0.385950E-03
 0.181012E-03 0.236404E-04 0.174418E-04 0.385858E-03
 0.181057E-03 0.236352E-04 0.174047E-04 0.385808E-03
 0.181127E-03 0.236379E-04 0.173647E-04 0.385800E-03
 0.181230E-03 0.236492E-04 0.173208E-04 0.385862E-03
 0.181355E-03 0.236738E-04 0.172716E-04 0.386047E-03
 0.181495E-03 0.237130E-04 0.172212E-04 0.386396E-03
 0.181650E-03 0.237649E-04 0.171685E-04 0.386794E-03
 0.181807E-03 0.238213E-04 0.171148E-04 0.387232E-03
 0.181973E-03 0.238819E-04 0.170622E-04 0.387685E-03
 0.182145E-03 0.239438E-04 0.170143E-04 0.388141E-03
 0.182321E-03 0.240085E-04 0.169686E-04 0.388598E-03
 0.182493E-03 0.240764E-04 0.169224E-04 0.389070E-03
 0.182660E-03 0.241475E-04 0.168783E-04 0.389524E-03
 0.182823E-03 0.242154E-04 0.168354E-04 0.389965E-03
 0.182980E-03 0.242827E-04 0.167971E-04 0.390373E-03
 0.183133E-03 0.243462E-04 0.167611E-04 0.390765E-03
 0.183276E-03 0.244099E-04 0.167262E-04 0.391130E-03
 0.183418E-03 0.244716E-04 0.166951E-04 0.391479E-03
 0.183552E-03 0.245325E-04 0.166680E-04 0.391797E-03
 0.183675E-03 0.245921E-04 0.166419E-04 0.392105E-03
 0.183790E-03 0.246521E-04 0.166193E-04 0.392364E-03
 0.183899E-03 0.247081E-04 0.166011E-04 0.392606E-03
 0.183996E-03 0.247616E-04 0.165870E-04 0.392806E-03
 0.184087E-03 0.248159E-04 0.165727E-04 0.392984E-03
 0.184174E-03 0.248673E-04 0.165596E-04 0.393160E-03
 0.184255E-03 0.249215E-04 0.165471E-04 0.393286E-03
 0.184323E-03 0.249733E-04 0.165375E-04 0.393412E-03
 0.184393E-03 0.250217E-04 0.165290E-04 0.393541E-03
 0.184456E-03 0.250728E-04 0.165189E-04 0.393639E-03
 0.184513E-03 0.251241E-04 0.165069E-04 0.393717E-03
 0.184566E-03 0.251761E-04 0.164910E-04 0.393774E-03
 0.184618E-03 0.252294E-04 0.164715E-04 0.393837E-03
 0.184669E-03 0.252812E-04 0.164505E-04 0.393912E-03
 0.184723E-03 0.253323E-04 0.164264E-04 0.393985E-03
 0.184781E-03 0.253864E-04 0.163996E-04 0.394037E-03
 0.184831E-03 0.254428E-04 0.163724E-04 0.394098E-03
 0.184888E-03 0.255005E-04 0.163420E-04 0.394178E-03
 0.184949E-03 0.255630E-04 0.163100E-04 0.394290E-03
 0.185014E-03 0.256245E-04 0.162744E-04 0.394443E-03
 0.185092E-03 0.256813E-04 0.162364E-04 0.394601E-03
 0.185174E-03 0.257374E-04 0.161952E-04 0.394761E-03
 0.185264E-03 0.257917E-04 0.161532E-04 0.394940E-03
 0.185354E-03 0.258455E-04 0.161087E-04 0.395139E-03
 0.185441E-03 0.259045E-04 0.160620E-04 0.395334E-03
 0.185530E-03 0.259646E-04 0.160131E-04 0.395532E-03
 0.185622E-03 0.260220E-04 0.159610E-04 0.395741E-03
 0.185716E-03 0.260772E-04 0.159072E-04 0.395961E-03
 0.185810E-03 0.261289E-04 0.158508E-04 0.396184E-03
 0.185904E-03 0.261784E-04 0.157940E-04 0.396414E-03
 0.185998E-03 0.262289E-04 0.157389E-04 0.396640E-03
 0.186095E-03 0.262768E-04 0.156864E-04 0.396868E-03
 0.186188E-03 0.263215E-04 0.156332E-04 0.397116E-03
 0.186279E-03 0.263683E-04 0.155802E-04 0.397331E-03
 0.186373E-03 0.264090E-04 0.155295E-04 0.397541E-03
 0.186460E-03 0.264497E-04 0.154804E-04 0.397773E-03
 0.186556E-03 0.264894E-04 0.154318E-04 0.397993E-03
 0.186646E-03 0.265279E-04 0.153855E-04 0.398222E-03
 0.186740E-03 0.265656E-04 0.153385E-04 0.398459E-03
 0.186829E-03 0.265986E-04 0.152943E-04 0.398678E-03
 0.186912E-03 0.266278E-04 0.152515E-04 0.398898E-03
 0.186994E-03 0.266564E-04 0.152086E-04 0.399100E-03
 0.187076E-03 0.266878E-04 0.151647E-04 0.399280E-03
 0.187156E-03 0.267153E-04 0.151223E-04 0.399483E-03
 0.187237E-03 0.267445E-04 0.150811E-04 0.399680E-03
 0.187316E-03 0.267735E-04 0.150418E-04 0.399856E-03
 0.187395E-03 0.268049E-04 0.150013E-04 0.400026E-03
 0.187474E-03 0.268346E-04 0.149598E-04 0.400229E-03
 0.187547E-03 0.268587E-04 0.149181E-04 0.400410E-03
 0.187630E-03 0.268802E-04 0.148740E-04 0.400582E-03
 0.187707E-03 0.269001E-04 0.148279E-04 0.400759E-03
 0.187788E-03 0.269175E-04 0.147849E-04 0.400932E-03
 0.187869E-03 0.269313E-04 0.147404E-04 0.401096E-03
 0.187954E-03 0.269432E-04 0.146936E-04 0.401289E-03
 0.188042E-03 0.269526E-04 0.146437E-04 0.401478E-03
 0.188120E-03 0.269634E-04 0.145937E-04 0.401636E-03
 0.188195E-03 0.269682E-04 0.145429E-04 0.401778E-03
 0.188273E-03 0.269703E-04 0.144928E-04 0.401938E-03
 0.188348E-03 0.269674E-04 0.144415E-04 0.402066E-03
 0.188427E-03 0.269616E-04 0.143895E-04 0.402185E-03
 0.188501E-03 0.269489E-04 0.143360E-04 0.402317E-03
 0.188573E-03 0.269317E-04 0.142828E-04 0.402418E-03
 0.188641E-03 0.269096E-04 0.142288E-04 0.402519E-03
 0.188711E-03 0.268852E-04 0.141723E-04 0.402612E-03
 0.188778E-03 0.268559E-04 0.141135E-04 0.402700E-03
 0.188844E-03 0.268255E-04 0.140560E-04 0.402774E-03
 0.188912E-03 0.267899E-04 0.139963E-04 0.402858E-03
 0.188978E-03 0.267520E-04 0.139347E-04 0.402930E-03
 0.189048E-03 0.267063E-04 0.138742E-04 0.402992E-03
 0.189114E-03 0.266552E-04 0.138159E-04 0.403053E-03
 0.189183E-03 0.265981E-04 0.137593E-04 0.403100E-03
 0.189246E-03 0.265395E-04 0.137008E-04 0.403137E-03
 0.189311E-03 0.264775E-04 0.136420E-04 0.403188E-03
 0.189373E-03 0.264150E-04 0.135813E-04 0.403221E-03
 0.189439E-03 0.263485E-04 0.135178E-04 0.403244E-03
 0.189499E-03 0.262800E-04 0.134523E-04 0.403259E-03
 0.189555E-03 0.262063E-04 0.133859E-04 0.403276E-03
 0.189615E-03 0.261341E-04 0.133192E-04 0.403309E-03
 0.189684E-03 0.260585E-04 0.132502E-04 0.403347E-03
 0.189748E-03 0.259736E-04 0.131809E-04 0.403370E-03
 0.189817E-03 0.258875E-04 0.131097E-04 0.403406E-03
 0.189885E-03 0.257982E-04 0.130368E-04 0.403428E-03
 0.189947E-03 0.257068E-04 0.129648E-04 0.403470E-03
 0.190018E-03 0.256162E-04 0.128938E-04 0.403501E-03
 0.190083E-03 0.255194E-04 0.128213E-04 0.403539E-03
 0.190152E-03 0.254159E-04 0.127489E-04 0.403574E-03
 0.190222E-03 0.253104E-04 0.126760E-04 0.403615E-03
 0.190292E-03 0.252006E-04 0.126017E-04 0.403642E-03
 0.190360E-03 0.250902E-04 0.125241E-04 0.403691E-03
 0.190429E-03 0.249811E-04 0.124464E-04 0.403715E-03
 0.190500E-03 0.248690E-04 0.123684E-04 0.403756E-03
 0.190573E-03 0.247569E-04 0.122898E-04 0.403800E-03
 0.190640E-03 0.246402E-04 0.122089E-04 0.403826E-03
 0.190706E-03 0.245201E-04 0.121261E-04 0.403872E-03
 0.190779E-03 0.243977E-04 0.120462E-04 0.403913E-03
 0.190847E-03 0.242723E-04 0.119666E-04 0.403943E-03
 0.190916E-03 0.241404E-04 0.118878E-04 0.403985E-03
 0.190985E-03 0.240038E-04 0.118100E-04 0.404012E-03
 0.191054E-03 0.238697E-04 0.117305E-04 0.404044E-03
 0.191122E-03 0.237358E-04 0.116510E-04 0.404089E-03
 0.191189E-03 0.235953E-04 0.115693E-04 0.404125E-03
 0.191255E-03 0.234504E-04 0.114881E-04 0.404150E-03
 0.191319E-03 0.233016E-04 0.114077E-04 0.404160E-03
 0.191383E-03 0.231511E-04 0.113272E-04 0.404185E-03
 0.191442E-03 0.229993E-04 0.112472E-04 0.404216E-03
 0.191510E-03 0.228433E-04 0.111668E-04 0.404239E-03
 0.191570E-03 0.226875E-04 0.110844E-04 0.404266E-03
 0.191631E-03 0.225330E-04 0.110041E-04 0.404292E-03
 0.191690E-03 0.223754E-04 0.109254E-04 0.404299E-03
 0.191748E-03 0.222161E-04 0.108475E-04 0.404309E-03
 0.191803E-03 0.220511E-04 0.107687E-04 0.404314E-03
 0.191856E-03 0.218822E-04 0.106891E-04 0.404311E-03
 0.191910E-03 0.217120E-04 0.106116E-04 0.404311E-03
 0.191967E-03 0.215405E-04 0.105328E-04 0.404312E-03
 0.192020E-03 0.213705E-04 0.104530E-04 0.404325E-03
 0.192070E-03 0.211979E-04 0.103716E-04 0.404326E-03
 0.192120E-03 0.210293E-04 0.102875E-04 0.404321E-03
 0.192170E-03 0.208563E-04 0.102052E-04 0.404319E-03
 0.192219E-03 0.206806E-04 0.101237E-04 0.404312E-03
 0.192267E-03 0.204999E-04 0.100441E-04 0.404309E-03
 0.192312E-03 0.203142E-04 0.996481E-05 0.404303E-03
 0.192356E-03 0.201262E-04 0.988615E-05 0.404287E-03
 0.192397E-03 0.199386E-04 0.980661E-05 0.404277E-03
 0.192439E-03 0.197593E-04 0.972575E-05 0.404267E-03
 0.192485E-03 0.195792E-04 0.964605E-05 0.404257E-03
 0.192530E-03 0.194017E-04 0.956635E-05 0.404252E-03
 0.192570E-03 0.192190E-04 0.948706E-05 0.404243E-03
 0.192608E-03 0.190309E-04 0.940875E-05 0.404208E-03
 0.192642E-03 0.188383E-04 0.932985E-05 0.404182E-03
 0.192682E-03 0.186461E-04 0.925011E-05 0.404164E-03
 0.192720E-03 0.184571E-04 0.917003E-05 0.404153E-03
 0.192754E-03 0.182713E-04 0.909226E-05 0.404130E-03
 0.192784E-03 0.180846E-04 0.901754E-05 0.404106E-03
 0.192819E-03 0.178943E-04 0.894397E-05 0.404084E-03
 0.192851E-03 0.177043E-04 0.887182E-05 0.404059E-03
 0.192885E-03 0.175122E-04 0.879987E-05 0.404028E-03
 0.192913E-03 0.173243E-04 0.872825E-05 0.404002E-03
 0.192945E-03 0.171404E-04 0.865804E-05 0.403967E-03
 0.192970E-03 0.169584E-04 0.859063E-05 0.403934E-03
 0.192995E-03 0.167758E-04 0.852406E-05 0.403896E-03
 0.193021E-03 0.165990E-04 0.845784E-05 0.403863E-03
 0.193044E-03 0.164251E-04 0.839346E-05 0.403831E-03
 0.193069E-03 0.162492E-04 0.832793E-05 0.403798E-03
 0.193093E-03 0.160765E-04 0.826263E-05 0.403761E-03
 0.193115E-03 0.159094E-04 0.819962E-05 0.403726E-03
 0.193132E-03 0.157495E-04 0.813811E-05 0.403680E-03
 0.193149E-03 0.156041E-04 0.807811E-05 0.403641E-03
 0.193169E-03 0.154652E-04 0.801801E-05 0.403597E-03
 0.193178E-03 0.153351E-04 0.795689E-05 0.403549E-03
 0.193195E-03 0.152157E-04 0.789598E-05 0.403494E-03
 0.193207E-03 0.151116E-04 0.783665E-05 0.403436E-03
 0.193216E-03 0.150168E-04 0.777727E-05 0.403384E-03
 0.193223E-03 0.149326E-04 0.772015E-05 0.403323E-03
 0.193225E-03 0.148539E-04 0.766427E-05 0.403261E-03
 0.193230E-03 0.147857E-04 0.760753E-05 0.403194E-03
 0.193230E-03 0.147281E-04 0.755389E-05 0.403134E-03
 0.193232E-03 0.146827E-04 0.750121E-05 0.403053E-03
 0.193227E-03 0.146423E-04 0.744912E-05 0.402968E-03
 0.193218E-03 0.146107E-04 0.739965E-05 0.402884E-03
 0.193208E-03 0.145839E-04 0.734962E-05 0.402792E-03
 0.193193E-03 0.145629E-04 0.730146E-05 0.402697E-03
 0.193177E-03 0.145460E-04 0.725476E-05 0.402585E-03
 0.193162E-03 0.145318E-04 0.720817E-05 0.402481E-03
 0.193142E-03 0.145214E-04 0.716186E-05 0.402379E-03
