 0.858666E-03 0.297258E-02 0.288290E-02 0.333341E-02
 0.189250E-02 0.292287E-02 0.286853E-02 0.735052E-02
 0.264525E-02 0.291420E-02 0.288396E-02 0.102715E-01
 0.311584E-02 0.294176E-02 0.288851E-02 0.120965E-01
 0.345055E-02 0.283977E-02 0.275807E-02 0.134051E-01
 0.386896E-02 0.266288E-02 0.252470E-02 0.150509E-01
 0.449735E-02 0.271836E-02 0.255021E-02 0.174511E-01
 0.529946E-02 0.275751E-02 0.255327E-02 0.205617E-01
 0.613329E-02 0.275452E-02 0.251041E-02 0.237953E-01
 0.684736E-02 0.277062E-02 0.246723E-02 0.265598E-01
 0.734353E-02 0.276618E-02 0.242660E-02 0.284801E-01
 0.762245E-02 0.270075E-02 0.232467E-02 0.295510E-01
 0.770945E-02 0.260830E-02 0.219102E-02 0.298713E-01
 0.760864E-02 0.261043E-02 0.218565E-02 0.294532E-01
 0.729941E-02 0.264576E-02 0.221865E-02 0.282132E-01
 0.677455E-02 0.263175E-02 0.219878E-02 0.261257E-01
 0.609613E-02 0.259060E-02 0.221005E-02 0.235581E-01
 0.543084E-02 0.254909E-02 0.223773E-02 0.210259E-01
 0.481426E-02 0.248564E-02 0.224125E-02 0.184147E-01
 0.407149E-02 0.240064E-02 0.226781E-02 0.154396E-01
 0.343573E-02 0.234505E-02 0.231447E-02 0.129907E-01
 0.294131E-02 0.231333E-02 0.235522E-02 0.109656E-01
 0.240877E-02 0.226023E-02 0.239858E-02 0.887982E-02
 0.184745E-02 0.216927E-02 0.247402E-02 0.683555E-02
 0.147324E-02 0.204509E-02 0.257163E-02 0.555677E-02
 0.168579E-02 0.203254E-02 0.258833E-02 0.654811E-02
 0.185509E-02 0.209488E-02 0.251575E-02 0.752392E-02
 0.236537E-02 0.221815E-02 0.241186E-02 0.955397E-02
 0.295420E-02 0.232932E-02 0.231674E-02 0.118778E-01
 0.351156E-02 0.241854E-02 0.222252E-02 0.140738E-01
 0.402169E-02 0.248599E-02 0.213585E-02 0.160654E-01
 0.450613E-02 0.254170E-02 0.205275E-02 0.179376E-01
 0.498446E-02 0.259383E-02 0.196673E-02 0.197621E-01
 0.542880E-02 0.264061E-02 0.187706E-02 0.214420E-01
 0.580557E-02 0.267293E-02 0.178448E-02 0.228489E-01
 0.610706E-02 0.268667E-02 0.168780E-02 0.239596E-01
 0.632561E-02 0.268176E-02 0.159158E-02 0.247721E-01
 0.643201E-02 0.265717E-02 0.151717E-02 0.251282E-01
 0.640478E-02 0.260650E-02 0.156151E-02 0.249978E-01
 0.622022E-02 0.252825E-02 0.168939E-02 0.242671E-01
 0.588199E-02 0.241573E-02 0.181483E-02 0.229403E-01
 0.541294E-02 0.227116E-02 0.193401E-02 0.211115E-01
 0.486624E-02 0.210481E-02 0.204716E-02 0.189835E-01
 0.430862E-02 0.193540E-02 0.215021E-02 0.168247E-01
 0.378294E-02 0.177725E-02 0.223667E-02 0.147913E-01
 0.326732E-02 0.163318E-02 0.230071E-02 0.127928E-01
 0.275128E-02 0.150240E-02 0.233775E-02 0.107930E-01
 0.224151E-02 0.139021E-02 0.234462E-02 0.881817E-02
 0.180407E-02 0.132162E-02 0.232325E-02 0.709326E-02
 0.180592E-02 0.134508E-02 0.230045E-02 0.702816E-02
 0.191956E-02 0.136362E-02 0.227567E-02 0.744933E-02
 0.203052E-02 0.136620E-02 0.224589E-02 0.786487E-02
 0.220481E-02 0.135597E-02 0.221155E-02 0.852422E-02
 0.254511E-02 0.136895E-02 0.216943E-02 0.981917E-02
 0.295519E-02 0.144822E-02 0.211238E-02 0.113799E-01
 0.335244E-02 0.154825E-02 0.203696E-02 0.128992E-01
 0.373645E-02 0.165441E-02 0.194131E-02 0.143715E-01
 0.410231E-02 0.176072E-02 0.182481E-02 0.157770E-01
 0.444099E-02 0.186185E-02 0.169128E-02 0.170801E-01
 0.473779E-02 0.195169E-02 0.154525E-02 0.182237E-01
 0.497847E-02 0.202358E-02 0.139139E-02 0.191405E-01
 0.514041E-02 0.207103E-02 0.123755E-02 0.197612E-01
 0.521468E-02 0.209156E-02 0.109452E-02 0.200184E-01
 0.518126E-02 0.208205E-02 0.989880E-03 0.198513E-01
 0.503998E-02 0.204925E-02 0.100121E-02 0.192700E-01
 0.479595E-02 0.199646E-02 0.107020E-02 0.182699E-01
 0.445956E-02 0.192165E-02 0.116011E-02 0.168949E-01
 0.404609E-02 0.182849E-02 0.125750E-02 0.152240E-01
 0.359307E-02 0.172390E-02 0.135892E-02 0.133740E-01
 0.313544E-02 0.161401E-02 0.145985E-02 0.115208E-01
 0.270040E-02 0.150406E-02 0.155239E-02 0.978003E-02
 0.229334E-02 0.139967E-02 0.162775E-02 0.817644E-02
 0.193405E-02 0.130566E-02 0.167934E-02 0.695510E-02
 0.178640E-02 0.125501E-02 0.170515E-02 0.649950E-02
 0.182548E-02 0.127071E-02 0.170727E-02 0.680407E-02
 0.189482E-02 0.131827E-02 0.168701E-02 0.723196E-02
 0.196832E-02 0.137812E-02 0.164821E-02 0.769613E-02
 0.205696E-02 0.144441E-02 0.159424E-02 0.828572E-02
 0.221286E-02 0.151978E-02 0.152777E-02 0.903051E-02
 0.247538E-02 0.161699E-02 0.145073E-02 0.100948E-01
 0.275504E-02 0.171684E-02 0.136448E-02 0.112005E-01
 0.301957E-02 0.180692E-02 0.126915E-02 0.122233E-01
 0.326593E-02 0.188220E-02 0.116587E-02 0.131565E-01
 0.348992E-02 0.193989E-02 0.105484E-02 0.139891E-01
 0.368508E-02 0.197869E-02 0.938501E-03 0.146995E-01
 0.384178E-02 0.199715E-02 0.822594E-03 0.152519E-01
 0.394548E-02 0.199328E-02 0.718369E-03 0.156148E-01
 0.399077E-02 0.196580E-02 0.651855E-03 0.157457E-01
 0.396060E-02 0.191169E-02 0.672456E-03 0.156011E-01
 0.385550E-02 0.183098E-02 0.810927E-03 0.151652E-01
 0.367627E-02 0.172395E-02 0.962757E-03 0.144516E-01
 0.343257E-02 0.159449E-02 0.110052E-02 0.134885E-01
 0.313269E-02 0.144889E-02 0.121781E-02 0.123116E-01
 0.280471E-02 0.129485E-02 0.131281E-02 0.110348E-01
 0.246412E-02 0.114295E-02 0.138464E-02 0.971328E-02
 0.212953E-02 0.100666E-02 0.143302E-02 0.841394E-02
 0.180975E-02 0.901730E-03 0.146001E-02 0.717972E-02
 0.159174E-02 0.834615E-03 0.147038E-02 0.633116E-02
 0.154182E-02 0.804966E-03 0.146362E-02 0.605522E-02
 0.156417E-02 0.800402E-03 0.144238E-02 0.610276E-02
 0.160534E-02 0.802477E-03 0.140995E-02 0.623460E-02
 0.165333E-02 0.809822E-03 0.136932E-02 0.639583E-02
 0.171358E-02 0.818830E-03 0.132234E-02 0.660059E-02
 0.181484E-02 0.838293E-03 0.127165E-02 0.696152E-02
 0.197406E-02 0.890164E-03 0.121609E-02 0.754358E-02
 0.216334E-02 0.963778E-03 0.115483E-02 0.825029E-02
 0.234440E-02 0.103912E-02 0.108696E-02 0.893285E-02
 0.251442E-02 0.111030E-02 0.101020E-02 0.957810E-02
 0.266928E-02 0.117473E-02 0.922597E-03 0.101687E-01
 0.280315E-02 0.122940E-02 0.824203E-03 0.106801E-01
 0.290842E-02 0.127064E-02 0.716318E-03 0.110789E-01
 0.297862E-02 0.129426E-02 0.604590E-03 0.113331E-01
 0.300006E-02 0.129663E-02 0.500104E-03 0.114013E-01
 0.296967E-02 0.127453E-02 0.426673E-03 0.112545E-01
 0.288047E-02 0.122636E-02 0.441521E-03 0.108687E-01
 0.273405E-02 0.115456E-02 0.541793E-03 0.102518E-01
 0.253697E-02 0.106314E-02 0.651637E-03 0.942784E-02
 0.230473E-02 0.958989E-03 0.750670E-03 0.845514E-02
 0.205045E-02 0.850763E-03 0.832332E-03 0.739783E-02
 0.179117E-02 0.745635E-03 0.894993E-03 0.633272E-02
 0.154120E-02 0.661631E-03 0.940677E-03 0.531609E-02
 0.134176E-02 0.617385E-03 0.968592E-03 0.462211E-02
 0.126122E-02 0.616032E-03 0.980483E-03 0.440247E-02
 0.124786E-02 0.640611E-03 0.978692E-03 0.445198E-02
 0.125883E-02 0.679994E-03 0.965440E-03 0.460252E-02
 0.127947E-02 0.729311E-03 0.942499E-03 0.479272E-02
 0.130437E-02 0.781807E-03 0.911632E-03 0.500600E-02
 0.133530E-02 0.835657E-03 0.873903E-03 0.527974E-02
 0.138558E-02 0.889632E-03 0.829982E-03 0.565343E-02
 0.147868E-02 0.941737E-03 0.780293E-03 0.608149E-02
 0.158598E-02 0.989932E-03 0.724974E-03 0.652653E-02
 0.168678E-02 0.103301E-02 0.666681E-03 0.693316E-02
 0.177879E-02 0.107082E-02 0.606026E-03 0.728939E-02
 0.186010E-02 0.109964E-02 0.542152E-03 0.759071E-02
 0.192794E-02 0.111785E-02 0.474719E-03 0.782900E-02
 0.197816E-02 0.112440E-02 0.405125E-03 0.799145E-02
 0.200525E-02 0.111913E-02 0.339107E-03 0.806060E-02
 0.200378E-02 0.109971E-02 0.296404E-03 0.802922E-02
 0.197153E-02 0.106538E-02 0.311891E-03 0.786808E-02
 0.190408E-02 0.101582E-02 0.379577E-03 0.758187E-02
 0.180246E-02 0.952271E-03 0.459351E-03 0.716853E-02
 0.167260E-02 0.876915E-03 0.532853E-03 0.664871E-02
 0.152182E-02 0.793669E-03 0.592062E-03 0.605276E-02
 0.135927E-02 0.706395E-03 0.635522E-03 0.541555E-02
 0.119534E-02 0.618818E-03 0.664683E-03 0.477283E-02
 0.103612E-02 0.534060E-03 0.682805E-03 0.414995E-02
 0.927517E-03 0.468951E-03 0.689591E-03 0.369706E-02
 0.880017E-03 0.426747E-03 0.686745E-03 0.347377E-02
 0.859069E-03 0.399071E-03 0.676229E-03 0.336146E-02
 0.854266E-03 0.383077E-03 0.659760E-03 0.330908E-02
 0.856635E-03 0.376820E-03 0.638446E-03 0.328442E-02
 0.863751E-03 0.374304E-03 0.613046E-03 0.327733E-02
 0.875499E-03 0.374128E-03 0.584379E-03 0.328582E-02
 0.901750E-03 0.377513E-03 0.552733E-03 0.334137E-02
 0.949042E-03 0.388886E-03 0.519005E-03 0.347719E-02
 0.998858E-03 0.405563E-03 0.484152E-03 0.363225E-02
 0.104775E-02 0.423764E-03 0.448137E-03 0.379204E-02
 0.109390E-02 0.441284E-03 0.410401E-03 0.394774E-02
 0.113550E-02 0.456813E-03 0.370161E-03 0.409091E-02
 0.117046E-02 0.469056E-03 0.327122E-03 0.421173E-02
 0.119643E-02 0.476479E-03 0.281608E-03 0.429856E-02
 0.121153E-02 0.477188E-03 0.235615E-03 0.433935E-02
 0.121151E-02 0.470538E-03 0.193567E-03 0.432637E-02
 0.119517E-02 0.454597E-03 0.165062E-03 0.424238E-02
 0.116042E-02 0.429026E-03 0.172934E-03 0.408745E-02
 0.110850E-02 0.394453E-03 0.203762E-03 0.386132E-02
 0.104118E-02 0.352144E-03 0.239030E-03 0.357251E-02
 0.962218E-03 0.304620E-03 0.271416E-03 0.323858E-02
 0.875886E-03 0.254572E-03 0.298784E-03 0.287932E-02
 0.787488E-03 0.205487E-03 0.320462E-03 0.251368E-02
 0.700241E-03 0.174609E-03 0.337397E-03 0.216792E-02
 0.635690E-03 0.162975E-03 0.349283E-03 0.195397E-02
 0.595010E-03 0.164422E-03 0.356477E-03 0.184900E-02
 0.568312E-03 0.177957E-03 0.359664E-03 0.180352E-02
 0.550318E-03 0.200722E-03 0.359442E-03 0.179441E-02
 0.537801E-03 0.225863E-03 0.356279E-03 0.180901E-02
 0.528992E-03 0.250998E-03 0.350519E-03 0.184301E-02
 0.524378E-03 0.275217E-03 0.342371E-03 0.191418E-02
 0.527507E-03 0.298337E-03 0.331959E-03 0.201021E-02
 0.536025E-03 0.320299E-03 0.319341E-03 0.211560E-02
 0.549690E-03 0.339668E-03 0.304866E-03 0.222049E-02
 0.567788E-03 0.356197E-03 0.288652E-03 0.232092E-02
 0.587446E-03 0.370012E-03 0.270696E-03 0.241456E-02
 0.607124E-03 0.381092E-03 0.250949E-03 0.249850E-02
 0.625207E-03 0.389177E-03 0.229485E-03 0.256958E-02
 0.640506E-03 0.394266E-03 0.206574E-03 0.262445E-02
 0.651796E-03 0.396247E-03 0.182720E-03 0.266108E-02
 0.658059E-03 0.394789E-03 0.159028E-03 0.267445E-02
 0.657893E-03 0.389871E-03 0.137985E-03 0.266336E-02
 0.651035E-03 0.381477E-03 0.127070E-03 0.262512E-02
 0.637121E-03 0.369873E-03 0.126776E-03 0.256062E-02
 0.616428E-03 0.355279E-03 0.132404E-03 0.247197E-02
 0.590136E-03 0.338194E-03 0.140917E-03 0.236202E-02
 0.559130E-03 0.318983E-03 0.149973E-03 0.223525E-02
 0.524841E-03 0.298417E-03 0.158448E-03 0.209799E-02
 0.488617E-03 0.276917E-03 0.165809E-03 0.195361E-02
 0.451715E-03 0.254965E-03 0.171997E-03 0.180582E-02
 0.419990E-03 0.232869E-03 0.176799E-03 0.165819E-02
 0.394388E-03 0.210889E-03 0.180163E-03 0.153419E-02
 0.372312E-03 0.189189E-03 0.182113E-03 0.142666E-02
 0.353262E-03 0.167868E-03 0.182756E-03 0.133025E-02
 0.337022E-03 0.148049E-03 0.182133E-03 0.124456E-02
 0.323942E-03 0.131644E-03 0.180310E-03 0.117032E-02
 0.314985E-03 0.117655E-03 0.177325E-03 0.110775E-02
 0.309627E-03 0.105873E-03 0.173199E-03 0.106022E-02
 0.307297E-03 0.963776E-04 0.167957E-03 0.103221E-02
 0.307858E-03 0.894024E-04 0.161612E-03 0.101811E-02
 0.310972E-03 0.862099E-04 0.154183E-03 0.101646E-02
 0.316244E-03 0.860604E-04 0.145764E-03 0.102510E-02
 0.323036E-03 0.875943E-04 0.136445E-03 0.104180E-02
 0.330580E-03 0.899219E-04 0.126326E-03 0.106318E-02
 0.338105E-03 0.924456E-04 0.115546E-03 0.108597E-02
 0.344664E-03 0.946584E-04 0.104341E-03 0.110695E-02
 0.349837E-03 0.961971E-04 0.930695E-04 0.112251E-02
 0.352994E-03 0.967638E-04 0.822619E-04 0.113167E-02
 0.353990E-03 0.962161E-04 0.730063E-04 0.113196E-02
 0.352471E-03 0.943598E-04 0.677619E-04 0.112287E-02
 0.348386E-03 0.912445E-04 0.665041E-04 0.110442E-02
 0.341837E-03 0.869173E-04 0.671334E-04 0.107672E-02
 0.333040E-03 0.815220E-04 0.690187E-04 0.104057E-02
 0.322216E-03 0.752552E-04 0.717950E-04 0.996976E-03
 0.309627E-03 0.682184E-04 0.750493E-04 0.947280E-03
 0.295780E-03 0.607182E-04 0.784669E-04 0.893226E-03
 0.280766E-03 0.538729E-04 0.818668E-04 0.835666E-03
 0.264962E-03 0.488224E-04 0.851100E-04 0.784488E-03
 0.250525E-03 0.461691E-04 0.880486E-04 0.743975E-03
 0.237997E-03 0.455365E-04 0.905928E-04 0.708841E-03
 0.226539E-03 0.467911E-04 0.926867E-04 0.678897E-03
 0.215994E-03 0.494475E-04 0.942844E-04 0.657205E-03
 0.206732E-03 0.528472E-04 0.953553E-04 0.643062E-03
 0.199674E-03 0.563412E-04 0.958718E-04 0.633869E-03
 0.194708E-03 0.598465E-04 0.958152E-04 0.629177E-03
 0.191174E-03 0.632906E-04 0.951776E-04 0.628335E-03
 0.188969E-03 0.666809E-04 0.939564E-04 0.630427E-03
 0.187773E-03 0.699538E-04 0.921555E-04 0.635145E-03
 0.187419E-03 0.730450E-04 0.897927E-04 0.642053E-03
 0.187580E-03 0.759259E-04 0.868977E-04 0.650291E-03
 0.188295E-03 0.784889E-04 0.834909E-04 0.659740E-03
 0.189330E-03 0.807065E-04 0.796166E-04 0.669840E-03
 0.190730E-03 0.825596E-04 0.753159E-04 0.679452E-03
 0.192286E-03 0.839456E-04 0.706476E-04 0.688168E-03
 0.193737E-03 0.848644E-04 0.656641E-04 0.695263E-03
 0.194913E-03 0.852882E-04 0.604349E-04 0.700108E-03
 0.195607E-03 0.852233E-04 0.550340E-04 0.702300E-03
 0.195744E-03 0.846739E-04 0.495851E-04 0.701642E-03
 0.195230E-03 0.836441E-04 0.449398E-04 0.698017E-03
 0.194009E-03 0.821504E-04 0.416273E-04 0.691376E-03
 0.192086E-03 0.802249E-04 0.393110E-04 0.681886E-03
 0.189428E-03 0.779062E-04 0.376771E-04 0.669787E-03
 0.186106E-03 0.752233E-04 0.365453E-04 0.655019E-03
 0.182190E-03 0.722066E-04 0.358117E-04 0.637802E-03
 0.177677E-03 0.689083E-04 0.354115E-04 0.618558E-03
 0.172671E-03 0.653605E-04 0.353089E-04 0.597319E-03
 0.167204E-03 0.616171E-04 0.354749E-04 0.574499E-03
 0.161350E-03 0.577114E-04 0.358250E-04 0.550310E-03
 0.155193E-03 0.536781E-04 0.362742E-04 0.524978E-03
 0.149460E-03 0.495759E-04 0.367555E-04 0.498783E-03
 0.144445E-03 0.454083E-04 0.372140E-04 0.472170E-03
 0.139893E-03 0.412537E-04 0.375986E-04 0.448535E-03
 0.135926E-03 0.371135E-04 0.378798E-04 0.427911E-03
 0.133103E-03 0.330552E-04 0.380325E-04 0.409971E-03
 0.130993E-03 0.291241E-04 0.380224E-04 0.395325E-03
 0.129371E-03 0.256000E-04 0.378432E-04 0.385209E-03
 0.128218E-03 0.229523E-04 0.374849E-04 0.378076E-03
 0.127512E-03 0.211356E-04 0.369371E-04 0.373085E-03
 0.127031E-03 0.199886E-04 0.362029E-04 0.369935E-03
 0.126709E-03 0.194553E-04 0.352841E-04 0.368253E-03
 0.126648E-03 0.193096E-04 0.341939E-04 0.367308E-03
 0.126592E-03 0.194135E-04 0.329375E-04 0.367071E-03
 0.126537E-03 0.197125E-04 0.315222E-04 0.367159E-03
 0.126494E-03 0.201108E-04 0.299692E-04 0.367362E-03
 0.126418E-03 0.205208E-04 0.282951E-04 0.367528E-03
 0.126250E-03 0.208922E-04 0.265172E-04 0.367399E-03
 0.125945E-03 0.211939E-04 0.246562E-04 0.366836E-03
 0.125522E-03 0.213919E-04 0.227781E-04 0.365735E-03
 0.124945E-03 0.214701E-04 0.214980E-04 0.364145E-03
 0.124171E-03 0.214184E-04 0.208502E-04 0.361867E-03
 0.123262E-03 0.212313E-04 0.203871E-04 0.358846E-03
 0.122165E-03 0.209081E-04 0.200638E-04 0.355253E-03
 0.120925E-03 0.204515E-04 0.198618E-04 0.350891E-03
 0.119552E-03 0.198609E-04 0.197102E-04 0.345999E-03
 0.118100E-03 0.191509E-04 0.196154E-04 0.340477E-03
 0.116519E-03 0.183241E-04 0.196211E-04 0.334407E-03
 0.114824E-03 0.173936E-04 0.196468E-04 0.327747E-03
 0.112988E-03 0.163709E-04 0.197042E-04 0.320549E-03
 0.111062E-03 0.152798E-04 0.197982E-04 0.312894E-03
 0.108943E-03 0.142243E-04 0.199196E-04 0.305555E-03
 0.106781E-03 0.132908E-04 0.200500E-04 0.299094E-03
 0.105008E-03 0.125091E-04 0.201584E-04 0.293545E-03
 0.103358E-03 0.118880E-04 0.202413E-04 0.289586E-03
 0.102004E-03 0.117645E-04 0.202999E-04 0.286423E-03
 0.100966E-03 0.118036E-04 0.203244E-04 0.283973E-03
 0.100149E-03 0.118766E-04 0.202922E-04 0.281925E-03
 0.994475E-04 0.120127E-04 0.201999E-04 0.280021E-03
 0.988138E-04 0.121657E-04 0.200532E-04 0.278659E-03
 0.982978E-04 0.123246E-04 0.198493E-04 0.277299E-03
 0.978310E-04 0.125072E-04 0.195752E-04 0.276193E-03
 0.974154E-04 0.126719E-04 0.192370E-04 0.275223E-03
 0.970413E-04 0.128490E-04 0.188367E-04 0.274401E-03
 0.966865E-04 0.130062E-04 0.183748E-04 0.273595E-03
 0.963675E-04 0.131515E-04 0.178568E-04 0.272818E-03
 0.960165E-04 0.132745E-04 0.172817E-04 0.272044E-03
 0.956791E-04 0.133754E-04 0.166587E-04 0.271222E-03
 0.953012E-04 0.134491E-04 0.159881E-04 0.270289E-03
 0.949243E-04 0.134950E-04 0.152784E-04 0.269235E-03
 0.944761E-04 0.135008E-04 0.145349E-04 0.268065E-03
 0.940155E-04 0.134696E-04 0.137632E-04 0.266716E-03
 0.935022E-04 0.133960E-04 0.129667E-04 0.265228E-03
 0.929461E-04 0.132851E-04 0.121580E-04 0.263577E-03
 0.923551E-04 0.131301E-04 0.113457E-04 0.261766E-03
 0.917230E-04 0.129340E-04 0.105998E-04 0.259864E-03
 0.910727E-04 0.126999E-04 0.100238E-04 0.257781E-03
 0.903770E-04 0.124264E-04 0.964237E-05 0.255629E-03
 0.896828E-04 0.121128E-04 0.937545E-05 0.253334E-03
 0.889763E-04 0.117671E-04 0.916247E-05 0.251069E-03
 0.882894E-04 0.113909E-04 0.899529E-05 0.248880E-03
 0.876949E-04 0.109861E-04 0.885306E-05 0.246768E-03
 0.871433E-04 0.105569E-04 0.874952E-05 0.244531E-03
 0.865322E-04 0.101094E-04 0.866775E-05 0.241965E-03
 0.858358E-04 0.964886E-05 0.860471E-05 0.239130E-03
 0.850835E-04 0.917048E-05 0.857085E-05 0.236046E-03
 0.842783E-04 0.867452E-05 0.855026E-05 0.232759E-03
 0.835117E-04 0.816741E-05 0.854368E-05 0.229287E-03
 0.829324E-04 0.765211E-05 0.854615E-05 0.225719E-03
 0.824088E-04 0.712908E-05 0.855506E-05 0.222989E-03
 0.819220E-04 0.660868E-05 0.856491E-05 0.220780E-03
 0.815687E-04 0.609466E-05 0.857085E-05 0.219018E-03
 0.813228E-04 0.564372E-05 0.856465E-05 0.217831E-03
 0.811373E-04 0.533232E-05 0.854994E-05 0.216945E-03
 0.809757E-04 0.514263E-05 0.851579E-05 0.216292E-03
 0.808620E-04 0.505045E-05 0.846890E-05 0.215804E-03
 0.807449E-04 0.502251E-05 0.840066E-05 0.215422E-03
 0.806758E-04 0.502760E-05 0.831683E-05 0.215165E-03
 0.806018E-04 0.505308E-05 0.821540E-05 0.214885E-03
 0.805268E-04 0.509600E-05 0.809013E-05 0.214714E-03
 0.804467E-04 0.515428E-05 0.795267E-05 0.214477E-03
 0.803554E-04 0.522625E-05 0.779322E-05 0.214293E-03
 0.802543E-04 0.530399E-05 0.761794E-05 0.213986E-03
 0.801297E-04 0.537924E-05 0.742672E-05 0.213693E-03
 0.799906E-04 0.544950E-05 0.722200E-05 0.213307E-03
 0.798243E-04 0.550576E-05 0.700361E-05 0.212846E-03
 0.796383E-04 0.555271E-05 0.677626E-05 0.212319E-03
 0.794326E-04 0.557802E-05 0.654058E-05 0.211695E-03
 0.792076E-04 0.558845E-05 0.630469E-05 0.211002E-03
 0.789579E-04 0.558037E-05 0.615218E-05 0.210233E-03
 0.786886E-04 0.555202E-05 0.607890E-05 0.209392E-03
 0.784008E-04 0.550819E-05 0.603156E-05 0.208448E-03
 0.780914E-04 0.544843E-05 0.599165E-05 0.207451E-03
 0.777781E-04 0.537163E-05 0.596504E-05 0.206413E-03
 0.774434E-04 0.527765E-05 0.594677E-05 0.205296E-03
 0.771056E-04 0.516842E-05 0.593297E-05 0.204158E-03
